This is pdfTeX, Version 3.1415926-2.5-1.40.14 (MiKTeX 2.9) (preloaded format=pdflatex 2015.8.25)  28 AUG 2015 15:08
entering extended mode
**RR.tex
(C:\Users\Lenovo\Documents\GitHub\master\Study\Term-Papers\RR.tex
LaTeX2e <2011/06/27>
Babel <v3.8m> and hyphenation patterns for english, czech, french, irish, italian, latin, slovak, loaded.
("C:\Program Files (x86)\MiKTeX 2.9\tex\latex\base\report.cls"
Document Class: report 2007/10/19 v1.4h Standard LaTeX document class
("C:\Program Files (x86)\MiKTeX 2.9\tex\latex\base\size10.clo"
File: size10.clo 2007/10/19 v1.4h Standard LaTeX file (size option)
)
\c@part=\count79
\c@chapter=\count80
\c@section=\count81
\c@subsection=\count82
\c@subsubsection=\count83
\c@paragraph=\count84
\c@subparagraph=\count85
\c@figure=\count86
\c@table=\count87
\abovecaptionskip=\skip41
\belowcaptionskip=\skip42
\bibindent=\dimen102
)
("C:\Program Files (x86)\MiKTeX 2.9\tex\generic\babel\babel.sty"
Package: babel 2008/07/08 v3.8m The Babel package

*************************************
* Local config file bblopts.cfg used
*
("C:\Program Files (x86)\MiKTeX 2.9\tex\latex\00miktex\bblopts.cfg"
File: bblopts.cfg 2006/07/31 v1.0 MiKTeX 'babel' configuration
)
("C:\Program Files (x86)\MiKTeX 2.9\tex\generic\babel\czech.ldf"
Language: czech 2008/07/06 v3.1a Czech support from the babel system

("C:\Program Files (x86)\MiKTeX 2.9\tex\generic\babel\babel.def"
File: babel.def 2008/07/08 v3.8m Babel common definitions
\babel@savecnt=\count88
\U@D=\dimen103
)
Package babel Info: Making " an active character on input line 172.
\cs@wordlen=\count89
Package babel Info: Making - an active character on input line 226.
))
("C:\Program Files (x86)\MiKTeX 2.9\tex\latex\base\inputenc.sty"
Package: inputenc 2008/03/30 v1.1d Input encoding file
\inpenc@prehook=\toks14
\inpenc@posthook=\toks15

("C:\Program Files (x86)\MiKTeX 2.9\tex\latex\base\cp1250.def"
File: cp1250.def 2008/03/30 v1.1d Input encoding file
))
("C:\Program Files (x86)\MiKTeX 2.9\tex\latex\base\fontenc.sty"
Package: fontenc 2005/09/27 v1.99g Standard LaTeX package

("C:\Program Files (x86)\MiKTeX 2.9\tex\latex\base\t1enc.def"
File: t1enc.def 2005/09/27 v1.99g Standard LaTeX file
LaTeX Font Info:    Redeclaring font encoding T1 on input line 43.
))
("C:\Program Files (x86)\MiKTeX 2.9\tex\latex\geometry\geometry.sty"
Package: geometry 2010/09/12 v5.6 Page Geometry

("C:\Program Files (x86)\MiKTeX 2.9\tex\latex\graphics\keyval.sty"
Package: keyval 1999/03/16 v1.13 key=value parser (DPC)
\KV@toks@=\toks16
)
("C:\Program Files (x86)\MiKTeX 2.9\tex\generic\oberdiek\ifpdf.sty"
Package: ifpdf 2011/01/30 v2.3 Provides the ifpdf switch (HO)
Package ifpdf Info: pdfTeX in PDF mode is detected.
)
("C:\Program Files (x86)\MiKTeX 2.9\tex\generic\oberdiek\ifvtex.sty"
Package: ifvtex 2010/03/01 v1.5 Detect VTeX and its facilities (HO)
Package ifvtex Info: VTeX not detected.
)
("C:\Program Files (x86)\MiKTeX 2.9\tex\generic\ifxetex\ifxetex.sty"
Package: ifxetex 2010/09/12 v0.6 Provides ifxetex conditional
)
\Gm@cnth=\count90
\Gm@cntv=\count91
\c@Gm@tempcnt=\count92
\Gm@bindingoffset=\dimen104
\Gm@wd@mp=\dimen105
\Gm@odd@mp=\dimen106
\Gm@even@mp=\dimen107
\Gm@layoutwidth=\dimen108
\Gm@layoutheight=\dimen109
\Gm@layouthoffset=\dimen110
\Gm@layoutvoffset=\dimen111
\Gm@dimlist=\toks17

("C:\Program Files (x86)\MiKTeX 2.9\tex\latex\geometry\geometry.cfg"))
("C:\Program Files (x86)\MiKTeX 2.9\tex\latex\titlesec\titlesec.sty"
Package: titlesec 2011/12/15 v2.10.0 Sectioning titles
\ttl@box=\box26
\beforetitleunit=\skip43
\aftertitleunit=\skip44
\ttl@plus=\dimen112
\ttl@minus=\dimen113
\ttl@toksa=\toks18
\titlewidth=\dimen114
\titlewidthlast=\dimen115
\titlewidthfirst=\dimen116
)
(C:\Users\Lenovo\Documents\GitHub\master\Study\Term-Papers\RR.aux)
LaTeX Font Info:    Checking defaults for OML/cmm/m/it on input line 14.
LaTeX Font Info:    ... okay on input line 14.
LaTeX Font Info:    Checking defaults for T1/cmr/m/n on input line 14.
LaTeX Font Info:    ... okay on input line 14.
LaTeX Font Info:    Checking defaults for OT1/cmr/m/n on input line 14.
LaTeX Font Info:    ... okay on input line 14.
LaTeX Font Info:    Checking defaults for OMS/cmsy/m/n on input line 14.
LaTeX Font Info:    ... okay on input line 14.
LaTeX Font Info:    Checking defaults for OMX/cmex/m/n on input line 14.
LaTeX Font Info:    ... okay on input line 14.
LaTeX Font Info:    Checking defaults for U/cmr/m/n on input line 14.
LaTeX Font Info:    ... okay on input line 14.

*geometry* driver: auto-detecting
*geometry* detected driver: pdftex
*geometry* verbose mode - [ preamble ] result:
* driver: pdftex
* paper: <default>
* layout: <same size as paper>
* layoutoffset:(h,v)=(0.0pt,0.0pt)
* modes: 
* h-part:(L,W,R)=(56.9055pt, 500.484pt, 56.9055pt)
* v-part:(T,H,B)=(71.13188pt, 652.70622pt, 71.13188pt)
* \paperwidth=614.295pt
* \paperheight=794.96999pt
* \textwidth=500.484pt
* \textheight=652.70622pt
* \oddsidemargin=-15.36449pt
* \evensidemargin=-15.36449pt
* \topmargin=-38.1381pt
* \headheight=12.0pt
* \headsep=25.0pt
* \topskip=10.0pt
* \footskip=30.0pt
* \marginparwidth=65.0pt
* \marginparsep=11.0pt
* \columnsep=10.0pt
* \skip\footins=9.0pt plus 4.0pt minus 2.0pt
* \hoffset=0.0pt
* \voffset=0.0pt
* \mag=1000
* \@twocolumnfalse
* \@twosidefalse
* \@mparswitchfalse
* \@reversemarginfalse
* (1in=72.27pt=25.4mm, 1cm=28.453pt)

LaTeX Font Info:    Try loading font information for OMS+cmr on input line 48.
("C:\Program Files (x86)\MiKTeX 2.9\tex\latex\base\omscmr.fd"
File: omscmr.fd 1999/05/25 v2.5h Standard LaTeX font definitions
)
LaTeX Font Info:    Font shape `OMS/cmr/m/n' in size <10> not available
(Font)              Font shape `OMS/cmsy/m/n' tried instead on input line 48.

Underfull \hbox (badness 10000) in paragraph at lines 57--60

 []

[1


{C:/ProgramData/MiKTeX/2.9/pdftex/config/pdftex.map}] [2]
Underfull \hbox (badness 10000) in paragraph at lines 127--128

 []

[3]
LaTeX Font Info:    External font `cmex10' loaded for size
(Font)              <7> on input line 167.
LaTeX Font Info:    External font `cmex10' loaded for size
(Font)              <5> on input line 167.
 [4] [5] [6] [7]
Underfull \hbox (badness 10000) in paragraph at lines 366--367

 []


Underfull \hbox (badness 10000) in paragraph at lines 375--376

 []


Underfull \hbox (badness 10000) in paragraph at lines 384--385

 []

[8]
Underfull \hbox (badness 10000) in paragraph at lines 418--419

 []

[9]
LaTeX Font Info:    External font `cmex10' loaded for size
(Font)              <14.4> on input line 422.
LaTeX Font Info:    External font `cmex10' loaded for size
(Font)              <8> on input line 422.
LaTeX Font Info:    External font `cmex10' loaded for size
(Font)              <6> on input line 422.
 [10] (C:\Users\Lenovo\Documents\GitHub\master\Study\Term-Papers\RR.aux) ) 
Here is how much of TeX's memory you used:
 1735 strings out of 495225
 22102 string characters out of 3178964
 85391 words of memory out of 3000000
 4942 multiletter control sequences out of 15000+200000
 14661 words of font info for 34 fonts, out of 3000000 for 9000
 70 hyphenation exceptions out of 8191
 27i,8n,35p,749b,338s stack positions out of 5000i,500n,10000p,200000b,50000s
 <C:\Users\Lenovo\AppData\Local\MiKTeX\2.9\fon
ts\pk\ljfour\jknappen\ec\dpi600\ecrm0800.pk> <C:\Users\Lenovo\AppData\Local\MiKTeX\2.9\fonts\pk\ljfour\jknappen\ec\dpi60
0\ecrm0600.pk> <C:\Users\Lenovo\AppData\Local\MiKTeX\2.9\fonts\pk\ljfour\jknappen\ec\dpi600\ecti1000.pk> <C:\Users\Lenov
o\AppData\Local\MiKTeX\2.9\fonts\pk\ljfour\jknappen\ec\dpi600\ecbx1000.pk> <C:\Users\Lenovo\AppData\Local\MiKTeX\2.9\fon
ts\pk\ljfour\jknappen\ec\dpi600\ecbx1200.pk> <C:\Users\Lenovo\AppData\Local\MiKTeX\2.9\fonts\pk\ljfour\jknappen\ec\dpi60
0\ecrm1000.pk> <C:\Users\Lenovo\AppData\Local\MiKTeX\2.9\fonts\pk\ljfour\jknappen\ec\dpi600\eccc1440.pk> <C:\Users\Lenov
o\AppData\Local\MiKTeX\2.9\fonts\pk\ljfour\jknappen\ec\dpi600\ecbx2488.pk><C:/Program Files (x86)/MiKTeX 2.9/fonts/type1
/public/amsfonts/cm/cmsy10.pfb>
Output written on RR.pdf (10 pages, 134993 bytes).
PDF statistics:
 334 PDF objects out of 1000 (max. 8388607)
 0 named destinations out of 1000 (max. 500000)
 1 words of extra memory for PDF output out of 10000 (max. 10000000)

